[2026-03-13 00:39:55,857: INFO: common: yaml file: config\config.yaml loaded successfully]
[2026-03-13 00:39:55,880: INFO: common: yaml file: params.yaml loaded successfully]
[2026-03-13 00:39:55,885: INFO: common: created directory at: artifacts]
[2026-03-13 00:39:55,891: INFO: common: created directory at: artifacts/data_ingestion]
[2026-03-13 00:39:55,896: INFO: 3626366701: downloading file from :[https://drive.google.com/file/d/1vlhZ5c7abUKF8xXERIw6m9Te8fW7ohw3/view?usp=sharing] into :[artifacts/data_ingestion/data.zip]]
[2026-03-13 00:44:06,976: INFO: common: yaml file: config\config.yaml loaded successfully]
[2026-03-13 00:44:06,988: INFO: common: yaml file: params.yaml loaded successfully]
[2026-03-13 00:44:06,997: INFO: common: created directory at: artifacts]
[2026-03-13 00:44:07,000: INFO: common: created directory at: artifacts/data_ingestion]
[2026-03-13 00:44:07,004: INFO: 2499016766: downloading file from :[https://drive.google.com/file/d/1vlhZ5c7abUKF8xXERIw6m9Te8fW7ohw3/view?usp=sharing] into :[artifacts/data_ingestion/data.zip]]
[2026-03-13 00:44:25,237: INFO: 2499016766: file downloaded from :[https://drive.google.com/file/d/1vlhZ5c7abUKF8xXERIw6m9Te8fW7ohw3/view?usp=sharing] into :[artifacts/data_ingestion/data.zip]]
[2026-03-13 00:47:25,977: INFO: common: yaml file: config\config.yaml loaded successfully]
[2026-03-13 00:47:25,985: INFO: common: yaml file: params.yaml loaded successfully]
[2026-03-13 00:47:25,989: INFO: common: created directory at: artifacts]
[2026-03-13 00:47:25,992: INFO: common: created directory at: artifacts/data_ingestion]
[2026-03-13 00:47:25,995: INFO: 1402157530: downloading file from :[https://drive.google.com/file/d/1vlhZ5c7abUKF8xXERIw6m9Te8fW7ohw3/view?usp=sharing] into :[artifacts/data_ingestion/data.zip]]
[2026-03-13 00:47:56,837: INFO: 1402157530: file downloaded from :[https://drive.google.com/file/d/1vlhZ5c7abUKF8xXERIw6m9Te8fW7ohw3/view?usp=sharing] into :[artifacts/data_ingestion/data.zip]]
[2026-03-13 00:48:24,607: INFO: common: yaml file: config\config.yaml loaded successfully]
[2026-03-13 00:48:24,612: INFO: common: yaml file: params.yaml loaded successfully]
[2026-03-13 00:48:24,614: INFO: common: created directory at: artifacts]
[2026-03-13 00:48:24,618: INFO: common: created directory at: artifacts/data_ingestion]
[2026-03-13 00:48:24,622: INFO: 1402157530: downloading file from :[https://drive.google.com/file/d/1vlhZ5c7abUKF8xXERIw6m9Te8fW7ohw3/view?usp=sharing] into :[artifacts/data_ingestion/data.zip]]
[2026-03-13 00:48:42,434: INFO: 1402157530: file downloaded from :[https://drive.google.com/file/d/1vlhZ5c7abUKF8xXERIw6m9Te8fW7ohw3/view?usp=sharing] into :[artifacts/data_ingestion/data.zip]]
[2026-03-13 00:50:14,020: INFO: common: yaml file: config\config.yaml loaded successfully]
[2026-03-13 00:50:14,026: INFO: common: yaml file: params.yaml loaded successfully]
[2026-03-13 00:50:14,031: INFO: common: created directory at: artifacts]
[2026-03-13 00:50:14,037: INFO: common: created directory at: artifacts/data_ingestion]
[2026-03-13 00:50:14,043: INFO: 1402157530: downloading file from :[https://drive.google.com/file/d/1vlhZ5c7abUKF8xXERIw6m9Te8fW7ohw3/view?usp=sharing] into :[artifacts/data_ingestion/data.zip]]
[2026-03-13 00:52:34,867: INFO: common: yaml file: config\config.yaml loaded successfully]
[2026-03-13 00:52:34,891: INFO: common: yaml file: params.yaml loaded successfully]
[2026-03-13 00:52:34,900: INFO: common: created directory at: artifacts]
[2026-03-13 00:52:34,907: INFO: common: created directory at: artifacts/data_ingestion]
[2026-03-13 00:52:34,915: INFO: 398113077: downloading file from :[https://drive.google.com/file/d/1vlhZ5c7abUKF8xXERIw6m9Te8fW7ohw3/view?usp=sharing] into :[artifacts/data_ingestion/data.zip]]
[2026-03-13 00:53:24,988: INFO: common: yaml file: config\config.yaml loaded successfully]
[2026-03-13 00:53:24,993: INFO: common: yaml file: params.yaml loaded successfully]
[2026-03-13 00:53:24,995: INFO: common: created directory at: artifacts]
[2026-03-13 00:53:24,998: INFO: common: created directory at: artifacts/data_ingestion]
[2026-03-13 00:53:25,001: INFO: 398113077: downloading file from :[https://drive.google.com/file/d/1vlhZ5c7abUKF8xXERIw6m9Te8fW7ohw3/view?usp=sharing] into :[artifacts/data_ingestion/data.zip]]
[2026-03-13 00:54:15,119: INFO: 398113077: file downloaded from :[https://drive.google.com/file/d/1vlhZ5c7abUKF8xXERIw6m9Te8fW7ohw3/view?usp=sharing] into :[artifacts/data_ingestion/data.zip]]
[2026-03-13 00:57:01,061: INFO: common: yaml file: config\config.yaml loaded successfully]
[2026-03-13 00:57:01,066: INFO: common: yaml file: params.yaml loaded successfully]
[2026-03-13 00:57:01,071: INFO: common: created directory at: artifacts]
[2026-03-13 00:57:01,075: INFO: common: created directory at: artifacts/data_ingestion]
[2026-03-13 00:57:01,079: INFO: 2100078176: downloading file from :[https://drive.google.com/file/d/1vlhZ5c7abUKF8xXERIw6m9Te8fW7ohw3/view?usp=sharing] into :[artifacts/data_ingestion/data.zip]]
[2026-03-13 00:57:16,390: INFO: 2100078176: file downloaded from :[https://drive.google.com/file/d/1vlhZ5c7abUKF8xXERIw6m9Te8fW7ohw3/view?usp=sharing] into :[artifacts/data_ingestion/data.zip]]
[2026-03-13 00:57:17,917: INFO: 2100078176: Extracted zip file into: artifacts/data_ingestion]
[2026-03-13 01:35:50,882: INFO: main: >>>>> stage Data Ingestion Stage started <<<<<]
[2026-03-13 01:35:50,885: INFO: common: yaml file: config\config.yaml loaded successfully]
[2026-03-13 01:35:50,888: INFO: common: yaml file: params.yaml loaded successfully]
[2026-03-13 01:35:50,889: INFO: common: created directory at: artifacts]
[2026-03-13 01:35:50,890: INFO: common: created directory at: artifacts/data_ingestion]
[2026-03-13 01:35:50,891: INFO: data_ingestion: downloading file from :[https://drive.google.com/file/d/1vlhZ5c7abUKF8xXERIw6m9Te8fW7ohw3/view?usp=sharing] into :[artifacts/data_ingestion/data.zip]]
[2026-03-13 01:36:18,886: INFO: data_ingestion: file downloaded from :[https://drive.google.com/file/d/1vlhZ5c7abUKF8xXERIw6m9Te8fW7ohw3/view?usp=sharing] into :[artifacts/data_ingestion/data.zip]]
[2026-03-13 01:36:20,077: INFO: data_ingestion: Extracted zip file into: artifacts/data_ingestion]
[2026-03-13 01:36:20,078: INFO: main: >>>>> stage Data Ingestion Stage completed <<<<<

x==========x]
